2023-02-26 11:55:03 error: 
[API Info] GET /test errorHandler 
[Error stack]TypeError [ERR_INVALID_ARG_TYPE]: The first argument must be of type string or an instance of Buffer, ArrayBuffer, or Array or an Array-like Object. Received an instance of Promise
    at new NodeError (node:internal/errors:372:5)
    at Function.from (node:buffer:323:9)
    at createNaverSignature (file:///Users/jeffrey/dev/express_boilerplate/src/utils/bcrypt.js:25:16)
    at file:///Users/jeffrey/dev/express_boilerplate/src/app.js:39:14
    at Layer.handle [as handle_request] (/Users/jeffrey/dev/express_boilerplate/node_modules/express/lib/router/layer.js:95:5)
    at next (/Users/jeffrey/dev/express_boilerplate/node_modules/express/lib/router/route.js:144:13)
    at Route.dispatch (/Users/jeffrey/dev/express_boilerplate/node_modules/express/lib/router/route.js:114:3)
    at Layer.handle [as handle_request] (/Users/jeffrey/dev/express_boilerplate/node_modules/express/lib/router/layer.js:95:5)
    at /Users/jeffrey/dev/express_boilerplate/node_modules/express/lib/router/index.js:284:15
    at Function.process_params (/Users/jeffrey/dev/express_boilerplate/node_modules/express/lib/router/index.js:346:12)
[req.body] : {}
[req.query] : {}
[req.params] : {}
2023-02-26 12:05:26 error: 
[API Info] GET /test errorHandler 
[Error stack]AxiosError: Request failed with status code 400
    at settle (file:///Users/jeffrey/dev/express_boilerplate/node_modules/axios/lib/core/settle.js:19:12)
    at IncomingMessage.handleStreamEnd (file:///Users/jeffrey/dev/express_boilerplate/node_modules/axios/lib/adapters/http.js:556:11)
    at IncomingMessage.emit (node:events:539:35)
    at endReadableNT (node:internal/streams/readable:1345:12)
    at processTicksAndRejections (node:internal/process/task_queues:83:21)
[req.body] : {}
[req.query] : {}
[req.params] : {}
2023-02-26 12:05:45 error: 
[API Info] GET /test errorHandler 
[Error stack]AxiosError: Request failed with status code 400
    at settle (file:///Users/jeffrey/dev/express_boilerplate/node_modules/axios/lib/core/settle.js:19:12)
    at IncomingMessage.handleStreamEnd (file:///Users/jeffrey/dev/express_boilerplate/node_modules/axios/lib/adapters/http.js:556:11)
    at IncomingMessage.emit (node:events:539:35)
    at endReadableNT (node:internal/streams/readable:1345:12)
    at processTicksAndRejections (node:internal/process/task_queues:83:21)
[req.body] : {}
[req.query] : {}
[req.params] : {}
2023-02-26 12:09:29 error: 
[API Info] GET /test errorHandler 
[Error stack]AxiosError: Request failed with status code 400
    at settle (file:///Users/jeffrey/dev/express_boilerplate/node_modules/axios/lib/core/settle.js:19:12)
    at IncomingMessage.handleStreamEnd (file:///Users/jeffrey/dev/express_boilerplate/node_modules/axios/lib/adapters/http.js:556:11)
    at IncomingMessage.emit (node:events:539:35)
    at endReadableNT (node:internal/streams/readable:1345:12)
    at processTicksAndRejections (node:internal/process/task_queues:83:21)
[req.body] : {}
[req.query] : {}
[req.params] : {}
2023-02-26 12:10:03 error: 
[API Info] GET /test errorHandler 
[Error stack]AxiosError: Request failed with status code 400
    at settle (file:///Users/jeffrey/dev/express_boilerplate/node_modules/axios/lib/core/settle.js:19:12)
    at IncomingMessage.handleStreamEnd (file:///Users/jeffrey/dev/express_boilerplate/node_modules/axios/lib/adapters/http.js:556:11)
    at IncomingMessage.emit (node:events:539:35)
    at endReadableNT (node:internal/streams/readable:1345:12)
    at processTicksAndRejections (node:internal/process/task_queues:83:21)
[req.body] : {}
[req.query] : {}
[req.params] : {}
2023-02-26 12:10:53 error: 
[API Info] GET /test errorHandler 
[Error stack]AxiosError: Request failed with status code 400
    at settle (file:///Users/jeffrey/dev/express_boilerplate/node_modules/axios/lib/core/settle.js:19:12)
    at IncomingMessage.handleStreamEnd (file:///Users/jeffrey/dev/express_boilerplate/node_modules/axios/lib/adapters/http.js:556:11)
    at IncomingMessage.emit (node:events:539:35)
    at endReadableNT (node:internal/streams/readable:1345:12)
    at processTicksAndRejections (node:internal/process/task_queues:83:21)
[req.body] : {}
[req.query] : {}
[req.params] : {}
2023-02-26 12:14:03 error: 
[API Info] GET /test errorHandler 
[Error stack]AxiosError: Request failed with status code 400
    at settle (file:///Users/jeffrey/dev/express_boilerplate/node_modules/axios/lib/core/settle.js:19:12)
    at IncomingMessage.handleStreamEnd (file:///Users/jeffrey/dev/express_boilerplate/node_modules/axios/lib/adapters/http.js:556:11)
    at IncomingMessage.emit (node:events:539:35)
    at endReadableNT (node:internal/streams/readable:1345:12)
    at processTicksAndRejections (node:internal/process/task_queues:83:21)
[req.body] : {}
[req.query] : {}
[req.params] : {}
2023-02-26 12:15:23 error: 
[API Info] GET /test errorHandler 
[Error stack]AxiosError: Request failed with status code 400
    at settle (file:///Users/jeffrey/dev/express_boilerplate/node_modules/axios/lib/core/settle.js:19:12)
    at IncomingMessage.handleStreamEnd (file:///Users/jeffrey/dev/express_boilerplate/node_modules/axios/lib/adapters/http.js:556:11)
    at IncomingMessage.emit (node:events:539:35)
    at endReadableNT (node:internal/streams/readable:1345:12)
    at processTicksAndRejections (node:internal/process/task_queues:83:21)
[req.body] : {}
[req.query] : {}
[req.params] : {}
2023-02-26 12:16:11 error: 
[API Info] GET /test errorHandler 
[Error stack]AxiosError: Request failed with status code 400
    at settle (file:///Users/jeffrey/dev/express_boilerplate/node_modules/axios/lib/core/settle.js:19:12)
    at IncomingMessage.handleStreamEnd (file:///Users/jeffrey/dev/express_boilerplate/node_modules/axios/lib/adapters/http.js:556:11)
    at IncomingMessage.emit (node:events:539:35)
    at endReadableNT (node:internal/streams/readable:1345:12)
    at processTicksAndRejections (node:internal/process/task_queues:83:21)
[req.body] : {}
[req.query] : {}
[req.params] : {}
2023-02-26 12:24:26 error: 
[API Info] GET /test errorHandler 
[Error stack]AxiosError: Request failed with status code 400
    at settle (file:///Users/jeffrey/dev/express_boilerplate/node_modules/axios/lib/core/settle.js:19:12)
    at IncomingMessage.handleStreamEnd (file:///Users/jeffrey/dev/express_boilerplate/node_modules/axios/lib/adapters/http.js:556:11)
    at IncomingMessage.emit (node:events:539:35)
    at endReadableNT (node:internal/streams/readable:1345:12)
    at processTicksAndRejections (node:internal/process/task_queues:83:21)
[req.body] : {}
[req.query] : {}
[req.params] : {}
2023-02-26 12:24:43 error: 
[API Info] GET /test errorHandler 
[Error stack]AxiosError: Request failed with status code 400
    at settle (file:///Users/jeffrey/dev/express_boilerplate/node_modules/axios/lib/core/settle.js:19:12)
    at IncomingMessage.handleStreamEnd (file:///Users/jeffrey/dev/express_boilerplate/node_modules/axios/lib/adapters/http.js:556:11)
    at IncomingMessage.emit (node:events:539:35)
    at endReadableNT (node:internal/streams/readable:1345:12)
    at processTicksAndRejections (node:internal/process/task_queues:83:21)
[req.body] : {}
[req.query] : {}
[req.params] : {}
2023-02-26 12:25:46 error: 
[API Info] GET /test errorHandler 
[Error stack]AxiosError: Request failed with status code 400
    at settle (file:///Users/jeffrey/dev/express_boilerplate/node_modules/axios/lib/core/settle.js:19:12)
    at IncomingMessage.handleStreamEnd (file:///Users/jeffrey/dev/express_boilerplate/node_modules/axios/lib/adapters/http.js:556:11)
    at IncomingMessage.emit (node:events:539:35)
    at endReadableNT (node:internal/streams/readable:1345:12)
    at processTicksAndRejections (node:internal/process/task_queues:83:21)
[req.body] : {}
[req.query] : {}
[req.params] : {}
2023-02-26 12:28:02 error: 
[API Info] GET /test errorHandler 
[Error stack]AxiosError: Request failed with status code 404
    at settle (file:///Users/jeffrey/dev/express_boilerplate/node_modules/axios/lib/core/settle.js:19:12)
    at IncomingMessage.handleStreamEnd (file:///Users/jeffrey/dev/express_boilerplate/node_modules/axios/lib/adapters/http.js:556:11)
    at IncomingMessage.emit (node:events:539:35)
    at endReadableNT (node:internal/streams/readable:1345:12)
    at processTicksAndRejections (node:internal/process/task_queues:83:21)
[req.body] : {}
[req.query] : {}
[req.params] : {}
2023-02-26 12:36:06 error: 
[API Info] GET /test errorHandler 
[Error stack]AxiosError: Request failed with status code 400
    at settle (file:///Users/jeffrey/dev/express_boilerplate/node_modules/axios/lib/core/settle.js:19:12)
    at IncomingMessage.handleStreamEnd (file:///Users/jeffrey/dev/express_boilerplate/node_modules/axios/lib/adapters/http.js:556:11)
    at IncomingMessage.emit (node:events:539:35)
    at endReadableNT (node:internal/streams/readable:1345:12)
    at processTicksAndRejections (node:internal/process/task_queues:83:21)
[req.body] : {}
[req.query] : {}
[req.params] : {}
2023-02-26 12:37:10 error: 
[API Info] GET /test errorHandler 
[Error stack]AxiosError: Request failed with status code 400
    at settle (file:///Users/jeffrey/dev/express_boilerplate/node_modules/axios/lib/core/settle.js:19:12)
    at IncomingMessage.handleStreamEnd (file:///Users/jeffrey/dev/express_boilerplate/node_modules/axios/lib/adapters/http.js:556:11)
    at IncomingMessage.emit (node:events:539:35)
    at endReadableNT (node:internal/streams/readable:1345:12)
    at processTicksAndRejections (node:internal/process/task_queues:83:21)
[req.body] : {}
[req.query] : {}
[req.params] : {}
2023-02-26 12:39:50 error: 
[API Info] GET /test errorHandler 
[Error stack]AxiosError: Request failed with status code 400
    at settle (file:///Users/jeffrey/dev/express_boilerplate/node_modules/axios/lib/core/settle.js:19:12)
    at IncomingMessage.handleStreamEnd (file:///Users/jeffrey/dev/express_boilerplate/node_modules/axios/lib/adapters/http.js:556:11)
    at IncomingMessage.emit (node:events:539:35)
    at endReadableNT (node:internal/streams/readable:1345:12)
    at processTicksAndRejections (node:internal/process/task_queues:83:21)
[req.body] : {}
[req.query] : {}
[req.params] : {}
2023-02-26 12:40:58 error: 
[API Info] GET /test errorHandler 
[Error stack]AxiosError: Request failed with status code 400
    at settle (file:///Users/jeffrey/dev/express_boilerplate/node_modules/axios/lib/core/settle.js:19:12)
    at IncomingMessage.handleStreamEnd (file:///Users/jeffrey/dev/express_boilerplate/node_modules/axios/lib/adapters/http.js:556:11)
    at IncomingMessage.emit (node:events:539:35)
    at endReadableNT (node:internal/streams/readable:1345:12)
    at processTicksAndRejections (node:internal/process/task_queues:83:21)
[req.body] : {}
[req.query] : {}
[req.params] : {}
2023-02-26 12:41:08 error: 
[API Info] GET /test errorHandler 
[Error stack]AxiosError: Request failed with status code 400
    at settle (file:///Users/jeffrey/dev/express_boilerplate/node_modules/axios/lib/core/settle.js:19:12)
    at IncomingMessage.handleStreamEnd (file:///Users/jeffrey/dev/express_boilerplate/node_modules/axios/lib/adapters/http.js:556:11)
    at IncomingMessage.emit (node:events:539:35)
    at endReadableNT (node:internal/streams/readable:1345:12)
    at processTicksAndRejections (node:internal/process/task_queues:83:21)
[req.body] : {}
[req.query] : {}
[req.params] : {}
2023-02-26 12:42:19 error: 
[API Info] GET /test errorHandler 
[Error stack]AxiosError: Request failed with status code 400
    at settle (file:///Users/jeffrey/dev/express_boilerplate/node_modules/axios/lib/core/settle.js:19:12)
    at IncomingMessage.handleStreamEnd (file:///Users/jeffrey/dev/express_boilerplate/node_modules/axios/lib/adapters/http.js:556:11)
    at IncomingMessage.emit (node:events:539:35)
    at endReadableNT (node:internal/streams/readable:1345:12)
    at processTicksAndRejections (node:internal/process/task_queues:83:21)
[req.body] : {}
[req.query] : {}
[req.params] : {}
2023-02-26 12:43:21 error: 
[API Info] GET /test errorHandler 
[Error stack]TypeError: Cannot read properties of undefined (reading 'forEach')
    at file:///Users/jeffrey/dev/express_boilerplate/src/app.js:78:26
    at processTicksAndRejections (node:internal/process/task_queues:96:5)
[req.body] : {}
[req.query] : {}
[req.params] : {}
2023-02-26 13:08:26 error: 
[API Info] GET /test errorHandler 
[Error stack]AxiosError: Request failed with status code 400
    at settle (file:///Users/jeffrey/dev/express_boilerplate/node_modules/axios/lib/core/settle.js:19:12)
    at IncomingMessage.handleStreamEnd (file:///Users/jeffrey/dev/express_boilerplate/node_modules/axios/lib/adapters/http.js:556:11)
    at IncomingMessage.emit (node:events:539:35)
    at endReadableNT (node:internal/streams/readable:1345:12)
    at processTicksAndRejections (node:internal/process/task_queues:83:21)
[req.body] : {}
[req.query] : {}
[req.params] : {}
2023-02-26 13:09:25 error: 
[API Info] GET /test errorHandler 
[Error stack]AxiosError: Request failed with status code 400
    at settle (file:///Users/jeffrey/dev/express_boilerplate/node_modules/axios/lib/core/settle.js:19:12)
    at IncomingMessage.handleStreamEnd (file:///Users/jeffrey/dev/express_boilerplate/node_modules/axios/lib/adapters/http.js:556:11)
    at IncomingMessage.emit (node:events:539:35)
    at endReadableNT (node:internal/streams/readable:1345:12)
    at processTicksAndRejections (node:internal/process/task_queues:83:21)
[req.body] : {}
[req.query] : {}
[req.params] : {}
2023-02-26 13:10:01 error: 
[API Info] GET /test errorHandler 
[Error stack]AxiosError: Request failed with status code 400
    at settle (file:///Users/jeffrey/dev/express_boilerplate/node_modules/axios/lib/core/settle.js:19:12)
    at IncomingMessage.handleStreamEnd (file:///Users/jeffrey/dev/express_boilerplate/node_modules/axios/lib/adapters/http.js:556:11)
    at IncomingMessage.emit (node:events:539:35)
    at endReadableNT (node:internal/streams/readable:1345:12)
    at processTicksAndRejections (node:internal/process/task_queues:83:21)
[req.body] : {}
[req.query] : {}
[req.params] : {}
2023-02-26 13:18:14 error: 
[API Info] GET /test errorHandler 
[Error stack]AxiosError: Request failed with status code 400
    at settle (file:///Users/jeffrey/dev/express_boilerplate/node_modules/axios/lib/core/settle.js:19:12)
    at IncomingMessage.handleStreamEnd (file:///Users/jeffrey/dev/express_boilerplate/node_modules/axios/lib/adapters/http.js:556:11)
    at IncomingMessage.emit (node:events:539:35)
    at endReadableNT (node:internal/streams/readable:1345:12)
    at processTicksAndRejections (node:internal/process/task_queues:83:21)
[req.body] : {}
[req.query] : {}
[req.params] : {}
2023-02-26 13:18:25 error: 
[API Info] GET /test errorHandler 
[Error stack]AxiosError: Request failed with status code 400
    at settle (file:///Users/jeffrey/dev/express_boilerplate/node_modules/axios/lib/core/settle.js:19:12)
    at IncomingMessage.handleStreamEnd (file:///Users/jeffrey/dev/express_boilerplate/node_modules/axios/lib/adapters/http.js:556:11)
    at IncomingMessage.emit (node:events:539:35)
    at endReadableNT (node:internal/streams/readable:1345:12)
    at processTicksAndRejections (node:internal/process/task_queues:83:21)
[req.body] : {}
[req.query] : {}
[req.params] : {}
2023-02-26 13:23:06 error: 
[API Info] GET /test errorHandler 
[Error stack]Error: connect ECONNREFUSED 127.0.0.1:80
    at Function.AxiosError.from (file:///Users/jeffrey/dev/express_boilerplate/node_modules/axios/lib/core/AxiosError.js:89:14)
    at RedirectableRequest.handleRequestError (file:///Users/jeffrey/dev/express_boilerplate/node_modules/axios/lib/adapters/http.js:577:25)
    at RedirectableRequest.emit (node:events:527:28)
    at ClientRequest.eventHandlers.<computed> (/Users/jeffrey/dev/express_boilerplate/node_modules/follow-redirects/index.js:14:24)
    at ClientRequest.emit (node:events:527:28)
    at Socket.socketErrorListener (node:_http_client:454:9)
    at Socket.emit (node:events:527:28)
    at emitErrorNT (node:internal/streams/destroy:157:8)
    at emitErrorCloseNT (node:internal/streams/destroy:122:3)
    at processTicksAndRejections (node:internal/process/task_queues:83:21)
[req.body] : {}
[req.query] : {}
[req.params] : {}
2023-02-26 13:23:09 error: 
[API Info] GET /test errorHandler 
[Error stack]Error: connect ECONNREFUSED 127.0.0.1:80
    at Function.AxiosError.from (file:///Users/jeffrey/dev/express_boilerplate/node_modules/axios/lib/core/AxiosError.js:89:14)
    at RedirectableRequest.handleRequestError (file:///Users/jeffrey/dev/express_boilerplate/node_modules/axios/lib/adapters/http.js:577:25)
    at RedirectableRequest.emit (node:events:527:28)
    at ClientRequest.eventHandlers.<computed> (/Users/jeffrey/dev/express_boilerplate/node_modules/follow-redirects/index.js:14:24)
    at ClientRequest.emit (node:events:527:28)
    at Socket.socketErrorListener (node:_http_client:454:9)
    at Socket.emit (node:events:527:28)
    at emitErrorNT (node:internal/streams/destroy:157:8)
    at emitErrorCloseNT (node:internal/streams/destroy:122:3)
    at processTicksAndRejections (node:internal/process/task_queues:83:21)
[req.body] : {}
[req.query] : {}
[req.params] : {}
2023-02-26 16:59:14 error: 
[API Info] GET /test errorHandler 
[Error stack]AxiosError: Request failed with status code 404
    at settle (file:///Users/jeffrey/dev/express_boilerplate/node_modules/axios/lib/core/settle.js:19:12)
    at IncomingMessage.handleStreamEnd (file:///Users/jeffrey/dev/express_boilerplate/node_modules/axios/lib/adapters/http.js:556:11)
    at IncomingMessage.emit (node:events:539:35)
    at endReadableNT (node:internal/streams/readable:1345:12)
    at processTicksAndRejections (node:internal/process/task_queues:83:21)
[req.body] : {}
[req.query] : {}
[req.params] : {}
2023-02-26 16:59:46 error: 
[API Info] GET /test errorHandler 
[Error stack]AxiosError: Request failed with status code 404
    at settle (file:///Users/jeffrey/dev/express_boilerplate/node_modules/axios/lib/core/settle.js:19:12)
    at IncomingMessage.handleStreamEnd (file:///Users/jeffrey/dev/express_boilerplate/node_modules/axios/lib/adapters/http.js:556:11)
    at IncomingMessage.emit (node:events:539:35)
    at endReadableNT (node:internal/streams/readable:1345:12)
    at processTicksAndRejections (node:internal/process/task_queues:83:21)
[req.body] : {}
[req.query] : {}
[req.params] : {}
2023-02-26 17:00:15 error: 
[API Info] GET /test errorHandler 
[Error stack]AxiosError: Request failed with status code 404
    at settle (file:///Users/jeffrey/dev/express_boilerplate/node_modules/axios/lib/core/settle.js:19:12)
    at IncomingMessage.handleStreamEnd (file:///Users/jeffrey/dev/express_boilerplate/node_modules/axios/lib/adapters/http.js:556:11)
    at IncomingMessage.emit (node:events:539:35)
    at endReadableNT (node:internal/streams/readable:1345:12)
    at processTicksAndRejections (node:internal/process/task_queues:83:21)
[req.body] : {}
[req.query] : {}
[req.params] : {}
2023-02-26 17:00:50 error: 
[API Info] GET /test errorHandler 
[Error stack]AxiosError: Request failed with status code 404
    at settle (file:///Users/jeffrey/dev/express_boilerplate/node_modules/axios/lib/core/settle.js:19:12)
    at IncomingMessage.handleStreamEnd (file:///Users/jeffrey/dev/express_boilerplate/node_modules/axios/lib/adapters/http.js:556:11)
    at IncomingMessage.emit (node:events:539:35)
    at endReadableNT (node:internal/streams/readable:1345:12)
    at processTicksAndRejections (node:internal/process/task_queues:83:21)
[req.body] : {}
[req.query] : {}
[req.params] : {}
2023-02-26 17:01:17 error: 
[API Info] GET /test errorHandler 
[Error stack]AxiosError: Request failed with status code 404
    at settle (file:///Users/jeffrey/dev/express_boilerplate/node_modules/axios/lib/core/settle.js:19:12)
    at IncomingMessage.handleStreamEnd (file:///Users/jeffrey/dev/express_boilerplate/node_modules/axios/lib/adapters/http.js:556:11)
    at IncomingMessage.emit (node:events:539:35)
    at endReadableNT (node:internal/streams/readable:1345:12)
    at processTicksAndRejections (node:internal/process/task_queues:83:21)
[req.body] : {}
[req.query] : {}
[req.params] : {}
2023-02-26 17:02:57 error: 
[API Info] GET /test errorHandler 
[Error stack]AxiosError: Request failed with status code 401
    at settle (file:///Users/jeffrey/dev/express_boilerplate/node_modules/axios/lib/core/settle.js:19:12)
    at IncomingMessage.handleStreamEnd (file:///Users/jeffrey/dev/express_boilerplate/node_modules/axios/lib/adapters/http.js:556:11)
    at IncomingMessage.emit (node:events:539:35)
    at endReadableNT (node:internal/streams/readable:1345:12)
    at processTicksAndRejections (node:internal/process/task_queues:83:21)
[req.body] : {}
[req.query] : {}
[req.params] : {}
2023-02-26 17:03:43 error: 
[API Info] GET /test errorHandler 
[Error stack]AxiosError: Request failed with status code 404
    at settle (file:///Users/jeffrey/dev/express_boilerplate/node_modules/axios/lib/core/settle.js:19:12)
    at IncomingMessage.handleStreamEnd (file:///Users/jeffrey/dev/express_boilerplate/node_modules/axios/lib/adapters/http.js:556:11)
    at IncomingMessage.emit (node:events:539:35)
    at endReadableNT (node:internal/streams/readable:1345:12)
    at processTicksAndRejections (node:internal/process/task_queues:83:21)
[req.body] : {}
[req.query] : {}
[req.params] : {}
2023-02-26 17:04:21 error: 
[API Info] GET /test errorHandler 
[Error stack]AxiosError: Request failed with status code 404
    at settle (file:///Users/jeffrey/dev/express_boilerplate/node_modules/axios/lib/core/settle.js:19:12)
    at IncomingMessage.handleStreamEnd (file:///Users/jeffrey/dev/express_boilerplate/node_modules/axios/lib/adapters/http.js:556:11)
    at IncomingMessage.emit (node:events:539:35)
    at endReadableNT (node:internal/streams/readable:1345:12)
    at processTicksAndRejections (node:internal/process/task_queues:83:21)
[req.body] : {}
[req.query] : {}
[req.params] : {}
2023-02-26 17:04:29 error: 
[API Info] GET /test errorHandler 
[Error stack]AxiosError: Request failed with status code 400
    at settle (file:///Users/jeffrey/dev/express_boilerplate/node_modules/axios/lib/core/settle.js:19:12)
    at IncomingMessage.handleStreamEnd (file:///Users/jeffrey/dev/express_boilerplate/node_modules/axios/lib/adapters/http.js:556:11)
    at IncomingMessage.emit (node:events:539:35)
    at endReadableNT (node:internal/streams/readable:1345:12)
    at processTicksAndRejections (node:internal/process/task_queues:83:21)
[req.body] : {}
[req.query] : {}
[req.params] : {}
2023-02-26 17:08:53 error: 
[API Info] GET /test errorHandler 
[Error stack]AxiosError: Request failed with status code 400
    at settle (file:///Users/jeffrey/dev/express_boilerplate/node_modules/axios/lib/core/settle.js:19:12)
    at IncomingMessage.handleStreamEnd (file:///Users/jeffrey/dev/express_boilerplate/node_modules/axios/lib/adapters/http.js:556:11)
    at IncomingMessage.emit (node:events:539:35)
    at endReadableNT (node:internal/streams/readable:1345:12)
    at processTicksAndRejections (node:internal/process/task_queues:83:21)
[req.body] : {}
[req.query] : {}
[req.params] : {}
