2023-01-12 09:14:43 error: 
	[API Info] POST /test errorHandler 
	[Error stack]Error: 에러가 발생했다고 가정. 이때 req.body, req.params, req.query 등의 정보를 확인해야 한다면 어떻게 해야할까?
    at file:///Users/jeffrey/dev/express_boilerplate/src/app.js:47:11
    at Layer.handle [as handle_request] (/Users/jeffrey/dev/express_boilerplate/node_modules/express/lib/router/layer.js:95:5)
    at next (/Users/jeffrey/dev/express_boilerplate/node_modules/express/lib/router/route.js:144:13)
    at Route.dispatch (/Users/jeffrey/dev/express_boilerplate/node_modules/express/lib/router/route.js:114:3)
    at Layer.handle [as handle_request] (/Users/jeffrey/dev/express_boilerplate/node_modules/express/lib/router/layer.js:95:5)
    at /Users/jeffrey/dev/express_boilerplate/node_modules/express/lib/router/index.js:284:15
    at Function.process_params (/Users/jeffrey/dev/express_boilerplate/node_modules/express/lib/router/index.js:346:12)
    at next (/Users/jeffrey/dev/express_boilerplate/node_modules/express/lib/router/index.js:280:10)
    at urlencodedParser (/Users/jeffrey/dev/express_boilerplate/node_modules/body-parser/lib/types/urlencoded.js:100:7)
    at Layer.handle [as handle_request] (/Users/jeffrey/dev/express_boilerplate/node_modules/express/lib/router/layer.js:95:5)
	[Input][object Object]
[object Object]
[object Object]
2023-01-12 09:14:59 error: 
	[API Info] POST /test errorHandler 
	[Error stack]Error: 에러가 발생했다고 가정. 이때 req.body, req.params, req.query 등의 정보를 확인해야 한다면 어떻게 해야할까?
    at file:///Users/jeffrey/dev/express_boilerplate/src/app.js:47:11
    at Layer.handle [as handle_request] (/Users/jeffrey/dev/express_boilerplate/node_modules/express/lib/router/layer.js:95:5)
    at next (/Users/jeffrey/dev/express_boilerplate/node_modules/express/lib/router/route.js:144:13)
    at Route.dispatch (/Users/jeffrey/dev/express_boilerplate/node_modules/express/lib/router/route.js:114:3)
    at Layer.handle [as handle_request] (/Users/jeffrey/dev/express_boilerplate/node_modules/express/lib/router/layer.js:95:5)
    at /Users/jeffrey/dev/express_boilerplate/node_modules/express/lib/router/index.js:284:15
    at Function.process_params (/Users/jeffrey/dev/express_boilerplate/node_modules/express/lib/router/index.js:346:12)
    at next (/Users/jeffrey/dev/express_boilerplate/node_modules/express/lib/router/index.js:280:10)
    at urlencodedParser (/Users/jeffrey/dev/express_boilerplate/node_modules/body-parser/lib/types/urlencoded.js:82:7)
    at Layer.handle [as handle_request] (/Users/jeffrey/dev/express_boilerplate/node_modules/express/lib/router/layer.js:95:5)
	[Input][object Object]
[object Object]
[object Object]
2023-01-12 09:15:30 error: 
	[API Info] POST /test errorHandler 
	[Error stack]Error: 에러가 발생했다고 가정. 이때 req.body, req.params, req.query 등의 정보를 확인해야 한다면 어떻게 해야할까?
    at file:///Users/jeffrey/dev/express_boilerplate/src/app.js:47:11
    at Layer.handle [as handle_request] (/Users/jeffrey/dev/express_boilerplate/node_modules/express/lib/router/layer.js:95:5)
    at next (/Users/jeffrey/dev/express_boilerplate/node_modules/express/lib/router/route.js:144:13)
    at Route.dispatch (/Users/jeffrey/dev/express_boilerplate/node_modules/express/lib/router/route.js:114:3)
    at Layer.handle [as handle_request] (/Users/jeffrey/dev/express_boilerplate/node_modules/express/lib/router/layer.js:95:5)
    at /Users/jeffrey/dev/express_boilerplate/node_modules/express/lib/router/index.js:284:15
    at Function.process_params (/Users/jeffrey/dev/express_boilerplate/node_modules/express/lib/router/index.js:346:12)
    at next (/Users/jeffrey/dev/express_boilerplate/node_modules/express/lib/router/index.js:280:10)
    at urlencodedParser (/Users/jeffrey/dev/express_boilerplate/node_modules/body-parser/lib/types/urlencoded.js:82:7)
    at Layer.handle [as handle_request] (/Users/jeffrey/dev/express_boilerplate/node_modules/express/lib/router/layer.js:95:5)
	[Input][object Object]
[object Object]
[object Object]
2023-01-12 09:16:28 error: 
	[API Info] POST /test errorHandler 
	[Error stack]Error: 에러가 발생했다고 가정. 이때 req.body, req.params, req.query 등의 정보를 확인해야 한다면 어떻게 해야할까?
    at file:///Users/jeffrey/dev/express_boilerplate/src/app.js:47:11
    at Layer.handle [as handle_request] (/Users/jeffrey/dev/express_boilerplate/node_modules/express/lib/router/layer.js:95:5)
    at next (/Users/jeffrey/dev/express_boilerplate/node_modules/express/lib/router/route.js:144:13)
    at Route.dispatch (/Users/jeffrey/dev/express_boilerplate/node_modules/express/lib/router/route.js:114:3)
    at Layer.handle [as handle_request] (/Users/jeffrey/dev/express_boilerplate/node_modules/express/lib/router/layer.js:95:5)
    at /Users/jeffrey/dev/express_boilerplate/node_modules/express/lib/router/index.js:284:15
    at Function.process_params (/Users/jeffrey/dev/express_boilerplate/node_modules/express/lib/router/index.js:346:12)
    at next (/Users/jeffrey/dev/express_boilerplate/node_modules/express/lib/router/index.js:280:10)
    at urlencodedParser (/Users/jeffrey/dev/express_boilerplate/node_modules/body-parser/lib/types/urlencoded.js:82:7)
    at Layer.handle [as handle_request] (/Users/jeffrey/dev/express_boilerplate/node_modules/express/lib/router/layer.js:95:5)
	[Input]{"userId":1}
{}
{}
2023-01-12 09:17:14 error: 
[API Info] POST /test errorHandler 
[Error stack]Error: 에러가 발생했다고 가정. 이때 req.body, req.params, req.query 등의 정보를 확인해야 한다면 어떻게 해야할까?
    at file:///Users/jeffrey/dev/express_boilerplate/src/app.js:47:11
    at Layer.handle [as handle_request] (/Users/jeffrey/dev/express_boilerplate/node_modules/express/lib/router/layer.js:95:5)
    at next (/Users/jeffrey/dev/express_boilerplate/node_modules/express/lib/router/route.js:144:13)
    at Route.dispatch (/Users/jeffrey/dev/express_boilerplate/node_modules/express/lib/router/route.js:114:3)
    at Layer.handle [as handle_request] (/Users/jeffrey/dev/express_boilerplate/node_modules/express/lib/router/layer.js:95:5)
    at /Users/jeffrey/dev/express_boilerplate/node_modules/express/lib/router/index.js:284:15
    at Function.process_params (/Users/jeffrey/dev/express_boilerplate/node_modules/express/lib/router/index.js:346:12)
    at next (/Users/jeffrey/dev/express_boilerplate/node_modules/express/lib/router/index.js:280:10)
    at urlencodedParser (/Users/jeffrey/dev/express_boilerplate/node_modules/body-parser/lib/types/urlencoded.js:82:7)
    at Layer.handle [as handle_request] (/Users/jeffrey/dev/express_boilerplate/node_modules/express/lib/router/layer.js:95:5)
[req.body] : {"userId":1}
$[req.query] : {JSON.stringify(req.query)}
[req.params] : {}
2023-01-12 09:17:26 error: 
[API Info] POST /test errorHandler 
[Error stack]Error: 에러가 발생했다고 가정. 이때 req.body, req.params, req.query 등의 정보를 확인해야 한다면 어떻게 해야할까?
    at file:///Users/jeffrey/dev/express_boilerplate/src/app.js:47:11
    at Layer.handle [as handle_request] (/Users/jeffrey/dev/express_boilerplate/node_modules/express/lib/router/layer.js:95:5)
    at next (/Users/jeffrey/dev/express_boilerplate/node_modules/express/lib/router/route.js:144:13)
    at Route.dispatch (/Users/jeffrey/dev/express_boilerplate/node_modules/express/lib/router/route.js:114:3)
    at Layer.handle [as handle_request] (/Users/jeffrey/dev/express_boilerplate/node_modules/express/lib/router/layer.js:95:5)
    at /Users/jeffrey/dev/express_boilerplate/node_modules/express/lib/router/index.js:284:15
    at Function.process_params (/Users/jeffrey/dev/express_boilerplate/node_modules/express/lib/router/index.js:346:12)
    at next (/Users/jeffrey/dev/express_boilerplate/node_modules/express/lib/router/index.js:280:10)
    at urlencodedParser (/Users/jeffrey/dev/express_boilerplate/node_modules/body-parser/lib/types/urlencoded.js:82:7)
    at Layer.handle [as handle_request] (/Users/jeffrey/dev/express_boilerplate/node_modules/express/lib/router/layer.js:95:5)
[req.body] : {"userId":1}
[req.query] : {}
[req.params] : {}
2023-01-12 09:18:08 error: 
[API Info] POST /test/999?isVegan=true errorHandler 
[Error stack]Error: 에러가 발생했다고 가정. 이때 req.body, req.params, req.query 등의 정보를 확인해야 한다면 어떻게 해야할까?
    at file:///Users/jeffrey/dev/express_boilerplate/src/app.js:47:11
    at Layer.handle [as handle_request] (/Users/jeffrey/dev/express_boilerplate/node_modules/express/lib/router/layer.js:95:5)
    at next (/Users/jeffrey/dev/express_boilerplate/node_modules/express/lib/router/route.js:144:13)
    at Route.dispatch (/Users/jeffrey/dev/express_boilerplate/node_modules/express/lib/router/route.js:114:3)
    at Layer.handle [as handle_request] (/Users/jeffrey/dev/express_boilerplate/node_modules/express/lib/router/layer.js:95:5)
    at /Users/jeffrey/dev/express_boilerplate/node_modules/express/lib/router/index.js:284:15
    at param (/Users/jeffrey/dev/express_boilerplate/node_modules/express/lib/router/index.js:365:14)
    at param (/Users/jeffrey/dev/express_boilerplate/node_modules/express/lib/router/index.js:376:14)
    at Function.process_params (/Users/jeffrey/dev/express_boilerplate/node_modules/express/lib/router/index.js:421:3)
    at next (/Users/jeffrey/dev/express_boilerplate/node_modules/express/lib/router/index.js:280:10)
[req.body] : {"userId":1,"phoneNumber":"01049990234"}
[req.query] : {"isVegan":"true"}
[req.params] : {}
2023-01-12 09:18:33 error: 
[API Info] POST /test/999?isVegan=true errorHandler 
[Error stack]Error: 에러가 발생했다고 가정. 이때 req.body, req.params, req.query 등의 정보를 확인해야 한다면 어떻게 해야할까?
    at file:///Users/jeffrey/dev/express_boilerplate/src/app.js:47:11
    at Layer.handle [as handle_request] (/Users/jeffrey/dev/express_boilerplate/node_modules/express/lib/router/layer.js:95:5)
    at next (/Users/jeffrey/dev/express_boilerplate/node_modules/express/lib/router/route.js:144:13)
    at Route.dispatch (/Users/jeffrey/dev/express_boilerplate/node_modules/express/lib/router/route.js:114:3)
    at Layer.handle [as handle_request] (/Users/jeffrey/dev/express_boilerplate/node_modules/express/lib/router/layer.js:95:5)
    at /Users/jeffrey/dev/express_boilerplate/node_modules/express/lib/router/index.js:284:15
    at param (/Users/jeffrey/dev/express_boilerplate/node_modules/express/lib/router/index.js:365:14)
    at param (/Users/jeffrey/dev/express_boilerplate/node_modules/express/lib/router/index.js:376:14)
    at Function.process_params (/Users/jeffrey/dev/express_boilerplate/node_modules/express/lib/router/index.js:421:3)
    at next (/Users/jeffrey/dev/express_boilerplate/node_modules/express/lib/router/index.js:280:10)
[req.body] : {"userId":1,"phoneNumber":"01049990234"}
[req.query] : {"isVegan":"true"}
[req.params] : undefined
2023-01-12 09:18:39 error: 
[API Info] POST /test/999?isVegan=true errorHandler 
[Error stack]Error: 에러가 발생했다고 가정. 이때 req.body, req.params, req.query 등의 정보를 확인해야 한다면 어떻게 해야할까?
    at file:///Users/jeffrey/dev/express_boilerplate/src/app.js:47:11
    at Layer.handle [as handle_request] (/Users/jeffrey/dev/express_boilerplate/node_modules/express/lib/router/layer.js:95:5)
    at next (/Users/jeffrey/dev/express_boilerplate/node_modules/express/lib/router/route.js:144:13)
    at Route.dispatch (/Users/jeffrey/dev/express_boilerplate/node_modules/express/lib/router/route.js:114:3)
    at Layer.handle [as handle_request] (/Users/jeffrey/dev/express_boilerplate/node_modules/express/lib/router/layer.js:95:5)
    at /Users/jeffrey/dev/express_boilerplate/node_modules/express/lib/router/index.js:284:15
    at param (/Users/jeffrey/dev/express_boilerplate/node_modules/express/lib/router/index.js:365:14)
    at param (/Users/jeffrey/dev/express_boilerplate/node_modules/express/lib/router/index.js:376:14)
    at Function.process_params (/Users/jeffrey/dev/express_boilerplate/node_modules/express/lib/router/index.js:421:3)
    at next (/Users/jeffrey/dev/express_boilerplate/node_modules/express/lib/router/index.js:280:10)
[req.body] : {"userId":1,"phoneNumber":"01049990234"}
[req.query] : {"isVegan":"true"}
[req.params] : {}
2023-01-12 09:18:55 error: 
[API Info] POST /test/999?isVegan=true errorHandler 
[Error stack]Error: 에러가 발생했다고 가정. 이때 req.body, req.params, req.query 등의 정보를 확인해야 한다면 어떻게 해야할까?
    at file:///Users/jeffrey/dev/express_boilerplate/src/app.js:48:11
    at Layer.handle [as handle_request] (/Users/jeffrey/dev/express_boilerplate/node_modules/express/lib/router/layer.js:95:5)
    at next (/Users/jeffrey/dev/express_boilerplate/node_modules/express/lib/router/route.js:144:13)
    at Route.dispatch (/Users/jeffrey/dev/express_boilerplate/node_modules/express/lib/router/route.js:114:3)
    at Layer.handle [as handle_request] (/Users/jeffrey/dev/express_boilerplate/node_modules/express/lib/router/layer.js:95:5)
    at /Users/jeffrey/dev/express_boilerplate/node_modules/express/lib/router/index.js:284:15
    at param (/Users/jeffrey/dev/express_boilerplate/node_modules/express/lib/router/index.js:365:14)
    at param (/Users/jeffrey/dev/express_boilerplate/node_modules/express/lib/router/index.js:376:14)
    at Function.process_params (/Users/jeffrey/dev/express_boilerplate/node_modules/express/lib/router/index.js:421:3)
    at next (/Users/jeffrey/dev/express_boilerplate/node_modules/express/lib/router/index.js:280:10)
[req.body] : {"userId":1,"phoneNumber":"01049990234"}
[req.query] : {"isVegan":"true"}
[req.params] : {}
2023-01-12 09:19:45 error: 
[API Info] POST /test/999?isVegan=true errorHandler 
[Error stack]Error: 에러가 발생했다고 가정. 이때 req.body, req.params, req.query 등의 정보를 확인해야 한다면 어떻게 해야할까?
    at file:///Users/jeffrey/dev/express_boilerplate/src/app.js:48:11
    at Layer.handle [as handle_request] (/Users/jeffrey/dev/express_boilerplate/node_modules/express/lib/router/layer.js:95:5)
    at next (/Users/jeffrey/dev/express_boilerplate/node_modules/express/lib/router/route.js:144:13)
    at Route.dispatch (/Users/jeffrey/dev/express_boilerplate/node_modules/express/lib/router/route.js:114:3)
    at Layer.handle [as handle_request] (/Users/jeffrey/dev/express_boilerplate/node_modules/express/lib/router/layer.js:95:5)
    at /Users/jeffrey/dev/express_boilerplate/node_modules/express/lib/router/index.js:284:15
    at param (/Users/jeffrey/dev/express_boilerplate/node_modules/express/lib/router/index.js:365:14)
    at param (/Users/jeffrey/dev/express_boilerplate/node_modules/express/lib/router/index.js:376:14)
    at Function.process_params (/Users/jeffrey/dev/express_boilerplate/node_modules/express/lib/router/index.js:421:3)
    at next (/Users/jeffrey/dev/express_boilerplate/node_modules/express/lib/router/index.js:280:10)
[req.body] : {"userId":1,"phoneNumber":"01049990234"}
[req.query] : {"isVegan":"true"}
[req.params] : {}
2023-01-12 09:19:56 error: 
[API Info] POST /test/999?isVegan=true errorHandler 
[Error stack]Error: 에러가 발생했다고 가정. 이때 req.body, req.params, req.query 등의 정보를 확인해야 한다면 어떻게 해야할까?
    at file:///Users/jeffrey/dev/express_boilerplate/src/app.js:49:11
    at Layer.handle [as handle_request] (/Users/jeffrey/dev/express_boilerplate/node_modules/express/lib/router/layer.js:95:5)
    at next (/Users/jeffrey/dev/express_boilerplate/node_modules/express/lib/router/route.js:144:13)
    at Route.dispatch (/Users/jeffrey/dev/express_boilerplate/node_modules/express/lib/router/route.js:114:3)
    at Layer.handle [as handle_request] (/Users/jeffrey/dev/express_boilerplate/node_modules/express/lib/router/layer.js:95:5)
    at /Users/jeffrey/dev/express_boilerplate/node_modules/express/lib/router/index.js:284:15
    at param (/Users/jeffrey/dev/express_boilerplate/node_modules/express/lib/router/index.js:365:14)
    at param (/Users/jeffrey/dev/express_boilerplate/node_modules/express/lib/router/index.js:376:14)
    at Function.process_params (/Users/jeffrey/dev/express_boilerplate/node_modules/express/lib/router/index.js:421:3)
    at next (/Users/jeffrey/dev/express_boilerplate/node_modules/express/lib/router/index.js:280:10)
[req.body] : {"userId":1,"phoneNumber":"01049990234"}
[req.query] : {"isVegan":"true"}
[req.params] : {}
2023-01-12 09:20:30 error: 
[API Info] POST /test/999?isVegan=true errorHandler 
[Error stack]Error: 에러가 발생했다고 가정. 이때 req.body, req.params, req.query 등의 정보를 확인해야 한다면 어떻게 해야할까?
    at file:///Users/jeffrey/dev/express_boilerplate/src/app.js:49:11
    at Layer.handle [as handle_request] (/Users/jeffrey/dev/express_boilerplate/node_modules/express/lib/router/layer.js:95:5)
    at next (/Users/jeffrey/dev/express_boilerplate/node_modules/express/lib/router/route.js:144:13)
    at Route.dispatch (/Users/jeffrey/dev/express_boilerplate/node_modules/express/lib/router/route.js:114:3)
    at Layer.handle [as handle_request] (/Users/jeffrey/dev/express_boilerplate/node_modules/express/lib/router/layer.js:95:5)
    at /Users/jeffrey/dev/express_boilerplate/node_modules/express/lib/router/index.js:284:15
    at param (/Users/jeffrey/dev/express_boilerplate/node_modules/express/lib/router/index.js:365:14)
    at param (/Users/jeffrey/dev/express_boilerplate/node_modules/express/lib/router/index.js:376:14)
    at Function.process_params (/Users/jeffrey/dev/express_boilerplate/node_modules/express/lib/router/index.js:421:3)
    at next (/Users/jeffrey/dev/express_boilerplate/node_modules/express/lib/router/index.js:280:10)
[req.body] : {"userId":1,"phoneNumber":"01049990234"}
[req.query] : {"isVegan":"true"}
[req.params] : {}
2023-01-12 09:20:38 error: 
[API Info] POST /test/999?isVegan=true errorHandler 
[Error stack]Error: 에러가 발생했다고 가정. 이때 req.body, req.params, req.query 등의 정보를 확인해야 한다면 어떻게 해야할까?
    at file:///Users/jeffrey/dev/express_boilerplate/src/app.js:49:11
    at Layer.handle [as handle_request] (/Users/jeffrey/dev/express_boilerplate/node_modules/express/lib/router/layer.js:95:5)
    at next (/Users/jeffrey/dev/express_boilerplate/node_modules/express/lib/router/route.js:144:13)
    at Route.dispatch (/Users/jeffrey/dev/express_boilerplate/node_modules/express/lib/router/route.js:114:3)
    at Layer.handle [as handle_request] (/Users/jeffrey/dev/express_boilerplate/node_modules/express/lib/router/layer.js:95:5)
    at /Users/jeffrey/dev/express_boilerplate/node_modules/express/lib/router/index.js:284:15
    at param (/Users/jeffrey/dev/express_boilerplate/node_modules/express/lib/router/index.js:365:14)
    at param (/Users/jeffrey/dev/express_boilerplate/node_modules/express/lib/router/index.js:376:14)
    at Function.process_params (/Users/jeffrey/dev/express_boilerplate/node_modules/express/lib/router/index.js:421:3)
    at next (/Users/jeffrey/dev/express_boilerplate/node_modules/express/lib/router/index.js:280:10)
[req.body] : {"userId":1,"phoneNumber":"01049990234"}
[req.query] : {"isVegan":"true"}
[req.params] : {}
2023-01-12 09:21:13 error: 
[API Info] POST /test/999?isVegan=true&category=human errorHandler 
[Error stack]Error: 에러가 발생했다고 가정. 이때 req.body, req.params, req.query 등의 정보를 확인해야 한다면 어떻게 해야할까?
    at file:///Users/jeffrey/dev/express_boilerplate/src/app.js:49:11
    at Layer.handle [as handle_request] (/Users/jeffrey/dev/express_boilerplate/node_modules/express/lib/router/layer.js:95:5)
    at next (/Users/jeffrey/dev/express_boilerplate/node_modules/express/lib/router/route.js:144:13)
    at Route.dispatch (/Users/jeffrey/dev/express_boilerplate/node_modules/express/lib/router/route.js:114:3)
    at Layer.handle [as handle_request] (/Users/jeffrey/dev/express_boilerplate/node_modules/express/lib/router/layer.js:95:5)
    at /Users/jeffrey/dev/express_boilerplate/node_modules/express/lib/router/index.js:284:15
    at param (/Users/jeffrey/dev/express_boilerplate/node_modules/express/lib/router/index.js:365:14)
    at param (/Users/jeffrey/dev/express_boilerplate/node_modules/express/lib/router/index.js:376:14)
    at Function.process_params (/Users/jeffrey/dev/express_boilerplate/node_modules/express/lib/router/index.js:421:3)
    at next (/Users/jeffrey/dev/express_boilerplate/node_modules/express/lib/router/index.js:280:10)
[req.body] : {"userId":1,"phoneNumber":"01049990234"}
[req.query] : {"isVegan":"true","category":"human"}
[req.params] : {}
2023-01-12 10:26:47 error: 
[API Info] POST /test/999?isVegan=true&category=human errorHandler 
[Error stack]Error: 에러가 발생했다고 가정. 이때 req.body, req.params, req.query 등의 정보를 확인해야 한다면 어떻게 해야할까?
    at file:///Users/jeffrey/dev/express_boilerplate/src/app.js:49:11
    at Layer.handle [as handle_request] (/Users/jeffrey/dev/express_boilerplate/node_modules/express/lib/router/layer.js:95:5)
    at next (/Users/jeffrey/dev/express_boilerplate/node_modules/express/lib/router/route.js:144:13)
    at Route.dispatch (/Users/jeffrey/dev/express_boilerplate/node_modules/express/lib/router/route.js:114:3)
    at Layer.handle [as handle_request] (/Users/jeffrey/dev/express_boilerplate/node_modules/express/lib/router/layer.js:95:5)
    at /Users/jeffrey/dev/express_boilerplate/node_modules/express/lib/router/index.js:284:15
    at param (/Users/jeffrey/dev/express_boilerplate/node_modules/express/lib/router/index.js:365:14)
    at param (/Users/jeffrey/dev/express_boilerplate/node_modules/express/lib/router/index.js:376:14)
    at Function.process_params (/Users/jeffrey/dev/express_boilerplate/node_modules/express/lib/router/index.js:421:3)
    at next (/Users/jeffrey/dev/express_boilerplate/node_modules/express/lib/router/index.js:280:10)
[req.body] : {"userId":1,"phoneNumber":"01049990234"}
[req.query] : {"isVegan":"true","category":"human"}
[req.params] : {}
2023-01-12 10:27:00 error: 
[API Info] POST /test/999?isVegan=true&category=human errorHandler 
[Error stack]Error: 에러가 발생했다고 가정. 이때 req.body, req.params, req.query 등의 정보를 확인해야 한다면 어떻게 해야할까?
    at file:///Users/jeffrey/dev/express_boilerplate/src/app.js:49:11
    at Layer.handle [as handle_request] (/Users/jeffrey/dev/express_boilerplate/node_modules/express/lib/router/layer.js:95:5)
    at next (/Users/jeffrey/dev/express_boilerplate/node_modules/express/lib/router/route.js:144:13)
    at Route.dispatch (/Users/jeffrey/dev/express_boilerplate/node_modules/express/lib/router/route.js:114:3)
    at Layer.handle [as handle_request] (/Users/jeffrey/dev/express_boilerplate/node_modules/express/lib/router/layer.js:95:5)
    at /Users/jeffrey/dev/express_boilerplate/node_modules/express/lib/router/index.js:284:15
    at param (/Users/jeffrey/dev/express_boilerplate/node_modules/express/lib/router/index.js:365:14)
    at param (/Users/jeffrey/dev/express_boilerplate/node_modules/express/lib/router/index.js:376:14)
    at Function.process_params (/Users/jeffrey/dev/express_boilerplate/node_modules/express/lib/router/index.js:421:3)
    at next (/Users/jeffrey/dev/express_boilerplate/node_modules/express/lib/router/index.js:280:10)
[req.body] : {"userId":1,"phoneNumber":"01049990234"}
[req.query] : {"isVegan":"true","category":"human"}
[req.params] : {}
